<?xml version="1.0" encoding="UTF-8"?>
<testng-results skipped="0" failed="0" total="3" passed="3">
  <reporter-output>
  </reporter-output>
  <suite name="Default suite" duration-ms="4631" started-at="2020-02-23T15:20:02Z" finished-at="2020-02-23T15:20:06Z">
    <groups>
    </groups>
    <test name="Default test" duration-ms="4631" started-at="2020-02-23T15:20:02Z" finished-at="2020-02-23T15:20:06Z">
      <class name="tests.APITests">
        <test-method status="PASS" signature="validateBookingIsCreatedSuccessfully(java.lang.String, java.lang.String)[pri:1, instance:tests.APITests@2a5ca609]" name="validateBookingIsCreatedSuccessfully" duration-ms="3180" started-at="2020-02-23T17:20:02Z" data-provider="BooksData" finished-at="2020-02-23T17:20:05Z">
          <params>
            <param index="0">
              <value>
                <![CDATA[2019-02-25]]>
              </value>
            </param>
            <param index="1">
              <value>
                <![CDATA[2019-02-26]]>
              </value>
            </param>
          </params>
          <reporter-output>
          </reporter-output>
        </test-method> <!-- validateBookingIsCreatedSuccessfully -->
        <test-method status="PASS" signature="validateBookingIsCreatedSuccessfully(java.lang.String, java.lang.String)[pri:1, instance:tests.APITests@2a5ca609]" name="validateBookingIsCreatedSuccessfully" duration-ms="471" started-at="2020-02-23T17:20:05Z" data-provider="BooksData" finished-at="2020-02-23T17:20:06Z">
          <params>
            <param index="0">
              <value>
                <![CDATA[2020-03-26]]>
              </value>
            </param>
            <param index="1">
              <value>
                <![CDATA[2020-03-27]]>
              </value>
            </param>
          </params>
          <reporter-output>
          </reporter-output>
        </test-method> <!-- validateBookingIsCreatedSuccessfully -->
        <test-method status="PASS" signature="validateBookingDetailsIsDisplayedSuccessfully()[pri:2, instance:tests.APITests@2a5ca609]" name="validateBookingDetailsIsDisplayedSuccessfully" duration-ms="942" started-at="2020-02-23T17:20:06Z" finished-at="2020-02-23T17:20:06Z">
          <reporter-output>
          </reporter-output>
        </test-method> <!-- validateBookingDetailsIsDisplayedSuccessfully -->
      </class> <!-- tests.APITests -->
    </test> <!-- Default test -->
  </suite> <!-- Default suite -->
</testng-results>
