<?xml version="1.0" encoding="UTF-8"?>
<!-- Generated by org.testng.reporters.JUnitXMLReporter -->
<testsuite hostname="EGY-MMAHRAN-NB3" name="ParallelTest3 Browser Chrome" tests="1" failures="0" timestamp="21 Feb 2020 11:23:24 GMT" time="0.678" errors="0">
  <testcase name="@BeforeTest getBrowser" time="0.0" classname="automationPracticeTests.CheckOutTests">
    <failure type="org.testng.TestNGException" message="
Method getBrowser requires 1 parameters but 0 were supplied in the @Configuration annotation.">
      <![CDATA[org.testng.TestNGException: 
Method getBrowser requires 1 parameters but 0 were supplied in the @Configuration annotation.
	at java.util.concurrent.FutureTask.run(FutureTask.java:266)
	at java.util.concurrent.ThreadPoolExecutor.runWorker(ThreadPoolExecutor.java:1149)
	at java.util.concurrent.ThreadPoolExecutor$Worker.run(ThreadPoolExecutor.java:624)
	at java.lang.Thread.run(Thread.java:748)
... Removed 12 stack frames]]>
    </failure>
  </testcase> <!-- @BeforeTest getBrowser -->
  <testcase name="@BeforeMethod methodLevelSetup" time="0.0" classname="automationPracticeTests.CheckOutTests">
    <skipped/>
  </testcase> <!-- @BeforeMethod methodLevelSetup -->
  <testcase name="@AfterClass teardown" time="0.0" classname="automationPracticeTests.CheckOutTests">
    <skipped/>
  </testcase> <!-- @AfterClass teardown -->
  <testcase name="validateCheckoutProcess" time="0.002" classname="automationPracticeTests.CheckOutTests">
    <skipped/>
  </testcase> <!-- validateCheckoutProcess -->
</testsuite> <!-- ParallelTest3 Browser Chrome -->
