<?xml version="1.0" encoding="UTF-8"?>
<testng-results skipped="0" failed="0" total="4" passed="4">
  <reporter-output>
  </reporter-output>
  <suite name="Suite" duration-ms="97444" started-at="2020-02-21T19:18:14Z" finished-at="2020-02-21T19:19:52Z">
    <groups>
    </groups>
    <test name="Registration Browser Chrome" duration-ms="25959" started-at="2020-02-21T19:18:14Z" finished-at="2020-02-21T19:18:40Z">
      <class name="automationPracticeTests.RegistrationTests">
        <test-method status="PASS" signature="navigate(java.lang.String)[pri:0, instance:automationPracticeTests.RegistrationTests@5d5eef3d]" name="navigate" is-config="true" duration-ms="16749" started-at="2020-02-21T21:18:14Z" finished-at="2020-02-21T21:18:31Z">
          <params>
            <param index="0">
              <value>
                <![CDATA[chrome]]>
              </value>
            </param>
          </params>
          <reporter-output>
          </reporter-output>
        </test-method> <!-- navigate -->
        <test-method status="PASS" signature="methodLevelSetup()[pri:0, instance:automationPracticeTests.RegistrationTests@5d5eef3d]" name="methodLevelSetup" is-config="true" duration-ms="27" started-at="2020-02-21T21:18:31Z" finished-at="2020-02-21T21:18:31Z">
          <reporter-output>
          </reporter-output>
        </test-method> <!-- methodLevelSetup -->
        <test-method status="PASS" signature="validateNewAccount(java.lang.String, java.lang.String, java.lang.String, java.lang.String, java.lang.String, java.lang.String, java.lang.String, java.lang.String, java.lang.String, java.lang.String, java.lang.String, java.lang.String, java.lang.String, java.lang.String, java.lang.String, java.lang.String)[pri:0, instance:automationPracticeTests.RegistrationTests@5d5eef3d]" name="validateNewAccount" duration-ms="8033" started-at="2020-02-21T21:18:31Z" data-provider="accountInformation" finished-at="2020-02-21T21:18:39Z">
          <params>
            <param index="0">
              <value>
                <![CDATA[Firstname]]>
              </value>
            </param>
            <param index="1">
              <value>
                <![CDATA[Lastname]]>
              </value>
            </param>
            <param index="2">
              <value>
                <![CDATA[Qwerty]]>
              </value>
            </param>
            <param index="3">
              <value>
                <![CDATA[1]]>
              </value>
            </param>
            <param index="4">
              <value>
                <![CDATA[10]]>
              </value>
            </param>
            <param index="5">
              <value>
                <![CDATA[2000]]>
              </value>
            </param>
            <param index="6">
              <value>
                <![CDATA[Company]]>
              </value>
            </param>
            <param index="7">
              <value>
                <![CDATA[Qwerty, 123]]>
              </value>
            </param>
            <param index="8">
              <value>
                <![CDATA[zxcvb]]>
              </value>
            </param>
            <param index="9">
              <value>
                <![CDATA[Qwerty]]>
              </value>
            </param>
            <param index="10">
              <value>
                <![CDATA[Colorado]]>
              </value>
            </param>
            <param index="11">
              <value>
                <![CDATA[12345]]>
              </value>
            </param>
            <param index="12">
              <value>
                <![CDATA[Qwerty]]>
              </value>
            </param>
            <param index="13">
              <value>
                <![CDATA[12345123123]]>
              </value>
            </param>
            <param index="14">
              <value>
                <![CDATA[12345123123]]>
              </value>
            </param>
            <param index="15">
              <value>
                <![CDATA[hf]]>
              </value>
            </param>
          </params>
          <reporter-output>
          </reporter-output>
        </test-method> <!-- validateNewAccount -->
        <test-method status="PASS" signature="teardown(org.testng.ITestResult)[pri:0, instance:automationPracticeTests.RegistrationTests@5d5eef3d]" name="teardown" is-config="true" duration-ms="1130" started-at="2020-02-21T21:18:39Z" finished-at="2020-02-21T21:18:40Z">
          <params>
            <param index="0">
              <value>
                <![CDATA[[TestResult name=validateNewAccount status=SUCCESS method=RegistrationTests.validateNewAccount(java.lang.String, java.lang.String, java.lang.String, java.lang.String, java.lang.String, java.lang.String, java.lang.String, java.lang.String, java.lang.String, java.lang.String, java.lang.String, java.lang.String, java.lang.String, java.lang.String, java.lang.String, java.lang.String)[pri:0, instance:automationPracticeTests.RegistrationTests@5d5eef3d] output={null}]]]>
              </value>
            </param>
          </params>
          <reporter-output>
          </reporter-output>
        </test-method> <!-- teardown -->
      </class> <!-- automationPracticeTests.RegistrationTests -->
    </test> <!-- Registration Browser Chrome -->
    <test name="registration tests with firefox" duration-ms="22526" started-at="2020-02-21T19:18:41Z" finished-at="2020-02-21T19:19:03Z">
      <class name="automationPracticeTests.RegistrationTests">
        <test-method status="PASS" signature="navigate(java.lang.String)[pri:0, instance:automationPracticeTests.RegistrationTests@5c7fa833]" name="navigate" is-config="true" duration-ms="13390" started-at="2020-02-21T21:18:41Z" finished-at="2020-02-21T21:18:54Z">
          <params>
            <param index="0">
              <value>
                <![CDATA[firefox]]>
              </value>
            </param>
          </params>
          <reporter-output>
          </reporter-output>
        </test-method> <!-- navigate -->
        <test-method status="PASS" signature="methodLevelSetup()[pri:0, instance:automationPracticeTests.RegistrationTests@5c7fa833]" name="methodLevelSetup" is-config="true" duration-ms="2" started-at="2020-02-21T21:18:54Z" finished-at="2020-02-21T21:18:54Z">
          <reporter-output>
          </reporter-output>
        </test-method> <!-- methodLevelSetup -->
        <test-method status="PASS" signature="validateNewAccount(java.lang.String, java.lang.String, java.lang.String, java.lang.String, java.lang.String, java.lang.String, java.lang.String, java.lang.String, java.lang.String, java.lang.String, java.lang.String, java.lang.String, java.lang.String, java.lang.String, java.lang.String, java.lang.String)[pri:0, instance:automationPracticeTests.RegistrationTests@5c7fa833]" name="validateNewAccount" duration-ms="7732" started-at="2020-02-21T21:18:54Z" data-provider="accountInformation" finished-at="2020-02-21T21:19:02Z">
          <params>
            <param index="0">
              <value>
                <![CDATA[Firstname]]>
              </value>
            </param>
            <param index="1">
              <value>
                <![CDATA[Lastname]]>
              </value>
            </param>
            <param index="2">
              <value>
                <![CDATA[Qwerty]]>
              </value>
            </param>
            <param index="3">
              <value>
                <![CDATA[1]]>
              </value>
            </param>
            <param index="4">
              <value>
                <![CDATA[10]]>
              </value>
            </param>
            <param index="5">
              <value>
                <![CDATA[2000]]>
              </value>
            </param>
            <param index="6">
              <value>
                <![CDATA[Company]]>
              </value>
            </param>
            <param index="7">
              <value>
                <![CDATA[Qwerty, 123]]>
              </value>
            </param>
            <param index="8">
              <value>
                <![CDATA[zxcvb]]>
              </value>
            </param>
            <param index="9">
              <value>
                <![CDATA[Qwerty]]>
              </value>
            </param>
            <param index="10">
              <value>
                <![CDATA[Colorado]]>
              </value>
            </param>
            <param index="11">
              <value>
                <![CDATA[12345]]>
              </value>
            </param>
            <param index="12">
              <value>
                <![CDATA[Qwerty]]>
              </value>
            </param>
            <param index="13">
              <value>
                <![CDATA[12345123123]]>
              </value>
            </param>
            <param index="14">
              <value>
                <![CDATA[12345123123]]>
              </value>
            </param>
            <param index="15">
              <value>
                <![CDATA[hf]]>
              </value>
            </param>
          </params>
          <reporter-output>
          </reporter-output>
        </test-method> <!-- validateNewAccount -->
        <test-method status="PASS" signature="teardown(org.testng.ITestResult)[pri:0, instance:automationPracticeTests.RegistrationTests@5c7fa833]" name="teardown" is-config="true" duration-ms="1402" started-at="2020-02-21T21:19:02Z" finished-at="2020-02-21T21:19:03Z">
          <params>
            <param index="0">
              <value>
                <![CDATA[[TestResult name=validateNewAccount status=SUCCESS method=RegistrationTests.validateNewAccount(java.lang.String, java.lang.String, java.lang.String, java.lang.String, java.lang.String, java.lang.String, java.lang.String, java.lang.String, java.lang.String, java.lang.String, java.lang.String, java.lang.String, java.lang.String, java.lang.String, java.lang.String, java.lang.String)[pri:0, instance:automationPracticeTests.RegistrationTests@5c7fa833] output={null}]]]>
              </value>
            </param>
          </params>
          <reporter-output>
          </reporter-output>
        </test-method> <!-- teardown -->
      </class> <!-- automationPracticeTests.RegistrationTests -->
    </test> <!-- registration tests with firefox -->
    <test name="login tests with chrome" duration-ms="17391" started-at="2020-02-21T19:19:03Z" finished-at="2020-02-21T19:19:21Z">
      <class name="automationPracticeTests.LoginTests">
        <test-method status="PASS" signature="navigate(java.lang.String)[pri:0, instance:automationPracticeTests.LoginTests@cc285f4]" name="navigate" is-config="true" duration-ms="12500" started-at="2020-02-21T21:19:03Z" finished-at="2020-02-21T21:19:16Z">
          <params>
            <param index="0">
              <value>
                <![CDATA[chrome]]>
              </value>
            </param>
          </params>
          <reporter-output>
          </reporter-output>
        </test-method> <!-- navigate -->
        <test-method status="PASS" signature="methodLevelSetup()[pri:0, instance:automationPracticeTests.LoginTests@cc285f4]" name="methodLevelSetup" is-config="true" duration-ms="1" started-at="2020-02-21T21:19:16Z" finished-at="2020-02-21T21:19:16Z">
          <reporter-output>
          </reporter-output>
        </test-method> <!-- methodLevelSetup -->
        <test-method status="PASS" signature="validateValidLogin()[pri:0, instance:automationPracticeTests.LoginTests@cc285f4]" name="validateValidLogin" duration-ms="3911" started-at="2020-02-21T21:19:16Z" finished-at="2020-02-21T21:19:20Z">
          <reporter-output>
          </reporter-output>
        </test-method> <!-- validateValidLogin -->
        <test-method status="PASS" signature="teardown(org.testng.ITestResult)[pri:0, instance:automationPracticeTests.LoginTests@cc285f4]" name="teardown" is-config="true" duration-ms="978" started-at="2020-02-21T21:19:20Z" finished-at="2020-02-21T21:19:21Z">
          <params>
            <param index="0">
              <value>
                <![CDATA[[TestResult name=validateValidLogin status=SUCCESS method=LoginTests.validateValidLogin()[pri:0, instance:automationPracticeTests.LoginTests@cc285f4] output={null}]]]>
              </value>
            </param>
          </params>
          <reporter-output>
          </reporter-output>
        </test-method> <!-- teardown -->
      </class> <!-- automationPracticeTests.LoginTests -->
    </test> <!-- login tests with chrome -->
    <test name="checkout tests with chrome" duration-ms="30920" started-at="2020-02-21T19:19:21Z" finished-at="2020-02-21T19:19:52Z">
      <class name="automationPracticeTests.CheckOutTests">
        <test-method status="PASS" signature="navigate(java.lang.String)[pri:0, instance:automationPracticeTests.CheckOutTests@475530b9]" name="navigate" is-config="true" duration-ms="10018" started-at="2020-02-21T21:19:21Z" finished-at="2020-02-21T21:19:31Z">
          <params>
            <param index="0">
              <value>
                <![CDATA[chrome]]>
              </value>
            </param>
          </params>
          <reporter-output>
          </reporter-output>
        </test-method> <!-- navigate -->
        <test-method status="PASS" signature="methodLevelSetup()[pri:0, instance:automationPracticeTests.CheckOutTests@475530b9]" name="methodLevelSetup" is-config="true" duration-ms="4" started-at="2020-02-21T21:19:31Z" finished-at="2020-02-21T21:19:31Z">
          <reporter-output>
          </reporter-output>
        </test-method> <!-- methodLevelSetup -->
        <test-method status="PASS" signature="validateCheckoutProcess(java.lang.String, java.lang.String, java.lang.String)[pri:0, instance:automationPracticeTests.CheckOutTests@475530b9]" name="validateCheckoutProcess" duration-ms="19351" started-at="2020-02-21T21:19:31Z" data-provider="checkOut" finished-at="2020-02-21T21:19:51Z">
          <params>
            <param index="0">
              <value>
                <![CDATA[Faded Short Sleeve T-shirts]]>
              </value>
            </param>
            <param index="1">
              <value>
                <![CDATA[M]]>
              </value>
            </param>
            <param index="2">
              <value>
                <![CDATA[enter the name of dress, size  in the checkout test]]>
              </value>
            </param>
          </params>
          <reporter-output>
          </reporter-output>
        </test-method> <!-- validateCheckoutProcess -->
        <test-method status="PASS" signature="teardown(org.testng.ITestResult)[pri:0, instance:automationPracticeTests.CheckOutTests@475530b9]" name="teardown" is-config="true" duration-ms="962" started-at="2020-02-21T21:19:51Z" finished-at="2020-02-21T21:19:52Z">
          <params>
            <param index="0">
              <value>
                <![CDATA[[TestResult name=validateCheckoutProcess status=SUCCESS method=CheckOutTests.validateCheckoutProcess(java.lang.String, java.lang.String, java.lang.String)[pri:0, instance:automationPracticeTests.CheckOutTests@475530b9] output={null}]]]>
              </value>
            </param>
          </params>
          <reporter-output>
          </reporter-output>
        </test-method> <!-- teardown -->
      </class> <!-- automationPracticeTests.CheckOutTests -->
    </test> <!-- checkout tests with chrome -->
  </suite> <!-- Suite -->
</testng-results>
