<?xml version="1.0" encoding="UTF-8"?>
<testng-results skipped="0" failed="0" total="1" passed="1">
  <reporter-output>
  </reporter-output>
  <suite name="Suite" duration-ms="17378" started-at="2020-06-09T15:47:35Z" finished-at="2020-06-09T15:47:53Z">
    <groups>
    </groups>
    <test name="test checkout scenarios with chrome" duration-ms="16882" started-at="2020-06-09T15:47:35Z" finished-at="2020-06-09T15:47:52Z">
      <class name="org.tests.LoginTests">
        <test-method status="PASS" signature="setUp(java.lang.String)[pri:0, instance:org.tests.LoginTests@43814d18]" name="setUp" is-config="true" duration-ms="4909" started-at="2020-06-09T17:47:35Z" finished-at="2020-06-09T17:47:40Z">
          <params>
            <param index="0">
              <value>
                <![CDATA[chrome]]>
              </value>
            </param>
          </params>
          <reporter-output>
          </reporter-output>
        </test-method> <!-- setUp -->
        <test-method status="PASS" signature="goToHome()[pri:0, instance:org.tests.LoginTests@43814d18]" name="goToHome" is-config="true" duration-ms="5050" started-at="2020-06-09T17:47:40Z" finished-at="2020-06-09T17:47:45Z">
          <reporter-output>
          </reporter-output>
        </test-method> <!-- goToHome -->
        <test-method status="PASS" signature="validateValidLogin()[pri:0, instance:org.tests.LoginTests@43814d18]" name="validateValidLogin" duration-ms="5640" started-at="2020-06-09T17:47:45Z" finished-at="2020-06-09T17:47:51Z">
          <reporter-output>
          </reporter-output>
        </test-method> <!-- validateValidLogin -->
        <test-method status="PASS" signature="tearDown()[pri:0, instance:org.tests.LoginTests@43814d18]" name="tearDown" is-config="true" duration-ms="1255" started-at="2020-06-09T17:47:51Z" finished-at="2020-06-09T17:47:52Z">
          <reporter-output>
          </reporter-output>
        </test-method> <!-- tearDown -->
      </class> <!-- org.tests.LoginTests -->
    </test> <!-- test checkout scenarios with chrome -->
    <test name="tests scenarios with firefox" duration-ms="1" started-at="2020-06-09T15:47:53Z" finished-at="2020-06-09T15:47:53Z">
    </test> <!-- tests scenarios with firefox -->
  </suite> <!-- Suite -->
</testng-results>
